{"C:\\Users\\1\\Documents\\Политех\\4 курс 1 семестр\\web-course\\web-programming-course\\lessons\\lr5\\src\\components\\quiz\\EssayQuestion.tsx": {"path":"C:\\Users\\1\\Documents\\Политех\\4 курс 1 семестр\\web-course\\web-programming-course\\lessons\\lr5\\src\\components\\quiz\\EssayQuestion.tsx","statementMap":{"0":{"start":{"line":3,"column":29},"end":{"line":36,"column":null}},"1":{"start":{"line":8,"column":22},"end":{"line":8,"column":null}},"2":{"start":{"line":9,"column":22},"end":{"line":9,"column":null}},"3":{"start":{"line":10,"column":4},"end":{"line":34,"column":null}},"4":{"start":{"line":23,"column":33},"end":{"line":23,"column":null}}},"fnMap":{"0":{"name":"(anonymous_0)","decl":{"start":{"line":3,"column":29},"end":{"line":3,"column":30}},"loc":{"start":{"line":7,"column":26},"end":{"line":36,"column":null}},"line":7},"1":{"name":"(anonymous_1)","decl":{"start":{"line":23,"column":26},"end":{"line":23,"column":27}},"loc":{"start":{"line":23,"column":33},"end":{"line":23,"column":null}},"line":23}},"branchMap":{"0":{"loc":{"start":{"line":6,"column":4},"end":{"line":6,"column":null}},"type":"default-arg","locations":[{"start":{"line":6,"column":12},"end":{"line":6,"column":null}}],"line":6},"1":{"loc":{"start":{"line":16,"column":12},"end":{"line":18,"column":null}},"type":"cond-expr","locations":[{"start":{"line":17,"column":26},"end":{"line":17,"column":null}},{"start":{"line":18,"column":26},"end":{"line":18,"column":null}}],"line":16},"2":{"loc":{"start":{"line":26,"column":60},"end":{"line":26,"column":113}},"type":"cond-expr","locations":[{"start":{"line":26,"column":80},"end":{"line":26,"column":98}},{"start":{"line":26,"column":98},"end":{"line":26,"column":113}}],"line":26},"3":{"loc":{"start":{"line":31,"column":39},"end":{"line":31,"column":92}},"type":"cond-expr","locations":[{"start":{"line":31,"column":59},"end":{"line":31,"column":77}},{"start":{"line":31,"column":77},"end":{"line":31,"column":92}}],"line":31}},"s":{"0":1,"1":5,"2":5,"3":5,"4":11},"f":{"0":5,"1":11},"b":{"0":[5],"1":[4,1],"2":[4,1],"3":[4,1]},"meta":{"lastBranch":4,"lastFunction":2,"lastStatement":5,"seen":{"s:3:29:36:Infinity":0,"f:3:29:3:30":0,"b:6:12:6:Infinity":0,"s:8:22:8:Infinity":1,"s:9:22:9:Infinity":2,"s:10:4:34:Infinity":3,"b:17:26:17:Infinity:18:26:18:Infinity":1,"f:23:26:23:27":1,"s:23:33:23:Infinity":4,"b:26:80:26:98:26:98:26:113":2,"b:31:59:31:77:31:77:31:92":3}}}
,"C:\\Users\\1\\Documents\\Политех\\4 курс 1 семестр\\web-course\\web-programming-course\\lessons\\lr5\\src\\components\\quiz\\MultipleSelectQuestion.tsx": {"path":"C:\\Users\\1\\Documents\\Политех\\4 курс 1 семестр\\web-course\\web-programming-course\\lessons\\lr5\\src\\components\\quiz\\MultipleSelectQuestion.tsx","statementMap":{"0":{"start":{"line":4,"column":13},"end":{"line":64,"column":null}},"1":{"start":{"line":10,"column":4},"end":{"line":18,"column":null}},"2":{"start":{"line":11,"column":8},"end":{"line":16,"column":null}},"3":{"start":{"line":20,"column":4},"end":{"line":62,"column":null}},"4":{"start":{"line":23,"column":35},"end":{"line":23,"column":null}},"5":{"start":{"line":25,"column":16},"end":{"line":59,"column":null}},"6":{"start":{"line":28,"column":39},"end":{"line":28,"column":null}}},"fnMap":{"0":{"name":"(anonymous_0)","decl":{"start":{"line":4,"column":47},"end":{"line":4,"column":48}},"loc":{"start":{"line":9,"column":35},"end":{"line":64,"column":1}},"line":9},"1":{"name":"(anonymous_1)","decl":{"start":{"line":22,"column":34},"end":{"line":22,"column":35}},"loc":{"start":{"line":22,"column":53},"end":{"line":61,"column":13}},"line":22},"2":{"name":"(anonymous_2)","decl":{"start":{"line":28,"column":33},"end":{"line":28,"column":39}},"loc":{"start":{"line":28,"column":39},"end":{"line":28,"column":null}},"line":28}},"branchMap":{"0":{"loc":{"start":{"line":8,"column":4},"end":{"line":8,"column":null}},"type":"default-arg","locations":[{"start":{"line":8,"column":12},"end":{"line":8,"column":null}}],"line":8},"1":{"loc":{"start":{"line":10,"column":4},"end":{"line":18,"column":null}},"type":"if","locations":[{"start":{"line":10,"column":4},"end":{"line":18,"column":null}},{"start":{},"end":{}}],"line":10},"2":{"loc":{"start":{"line":10,"column":8},"end":{"line":10,"column":60}},"type":"binary-expr","locations":[{"start":{"line":10,"column":8},"end":{"line":10,"column":29}},{"start":{"line":10,"column":29},"end":{"line":10,"column":60}}],"line":10},"3":{"loc":{"start":{"line":12,"column":46},"end":{"line":12,"column":98}},"type":"cond-expr","locations":[{"start":{"line":12,"column":66},"end":{"line":12,"column":83}},{"start":{"line":12,"column":83},"end":{"line":12,"column":98}}],"line":12},"4":{"loc":{"start":{"line":13,"column":45},"end":{"line":13,"column":102}},"type":"cond-expr","locations":[{"start":{"line":13,"column":65},"end":{"line":13,"column":85}},{"start":{"line":13,"column":85},"end":{"line":13,"column":102}}],"line":13},"5":{"loc":{"start":{"line":31,"column":16},"end":{"line":33,"column":null}},"type":"cond-expr","locations":[{"start":{"line":32,"column":34},"end":{"line":32,"column":null}},{"start":{"line":33,"column":34},"end":{"line":33,"column":null}}],"line":31},"6":{"loc":{"start":{"line":35,"column":16},"end":{"line":37,"column":null}},"type":"binary-expr","locations":[{"start":{"line":35,"column":16},"end":{"line":35,"column":32}},{"start":{"line":35,"column":32},"end":{"line":37,"column":null}}],"line":35},"7":{"loc":{"start":{"line":35,"column":32},"end":{"line":37,"column":null}},"type":"cond-expr","locations":[{"start":{"line":36,"column":34},"end":{"line":36,"column":null}},{"start":{"line":37,"column":34},"end":{"line":37,"column":null}}],"line":35},"8":{"loc":{"start":{"line":39,"column":16},"end":{"line":41,"column":null}},"type":"binary-expr","locations":[{"start":{"line":39,"column":16},"end":{"line":39,"column":31}},{"start":{"line":39,"column":31},"end":{"line":41,"column":null}}],"line":39},"9":{"loc":{"start":{"line":39,"column":31},"end":{"line":41,"column":null}},"type":"cond-expr","locations":[{"start":{"line":40,"column":34},"end":{"line":40,"column":null}},{"start":{"line":41,"column":34},"end":{"line":41,"column":null}}],"line":39},"10":{"loc":{"start":{"line":48,"column":18},"end":{"line":50,"column":null}},"type":"cond-expr","locations":[{"start":{"line":49,"column":38},"end":{"line":49,"column":null}},{"start":{"line":50,"column":39},"end":{"line":50,"column":null}}],"line":48},"11":{"loc":{"start":{"line":50,"column":39},"end":{"line":50,"column":null}},"type":"cond-expr","locations":[{"start":{"line":50,"column":59},"end":{"line":50,"column":75}},{"start":{"line":50,"column":75},"end":{"line":50,"column":null}}],"line":50},"12":{"loc":{"start":{"line":53,"column":33},"end":{"line":53,"column":null}},"type":"cond-expr","locations":[{"start":{"line":53,"column":46},"end":{"line":53,"column":52}},{"start":{"line":53,"column":52},"end":{"line":53,"column":null}}],"line":53},"13":{"loc":{"start":{"line":55,"column":55},"end":{"line":55,"column":105}},"type":"cond-expr","locations":[{"start":{"line":55,"column":75},"end":{"line":55,"column":93}},{"start":{"line":55,"column":93},"end":{"line":55,"column":105}}],"line":55}},"s":{"0":1,"1":9,"2":1,"3":8,"4":32,"5":32,"6":5},"f":{"0":9,"1":32,"2":5},"b":{"0":[9],"1":[1,8],"2":[9,8],"3":[1,0],"4":[1,0],"5":[28,4],"6":[32,27],"7":[23,4],"8":[32,5],"9":[5,0],"10":[5,27],"11":[23,4],"12":[5,27],"13":[28,4]},"meta":{"lastBranch":14,"lastFunction":3,"lastStatement":7,"seen":{"s:4:13:64:Infinity":0,"f:4:47:4:48":0,"b:8:12:8:Infinity":0,"b:10:4:18:Infinity:undefined:undefined:undefined:undefined":1,"s:10:4:18:Infinity":1,"b:10:8:10:29:10:29:10:60":2,"s:11:8:16:Infinity":2,"b:12:66:12:83:12:83:12:98":3,"b:13:65:13:85:13:85:13:102":4,"s:20:4:62:Infinity":3,"f:22:34:22:35":1,"s:23:35:23:Infinity":4,"s:25:16:59:Infinity":5,"f:28:33:28:39":2,"s:28:39:28:Infinity":6,"b:32:34:32:Infinity:33:34:33:Infinity":5,"b:35:16:35:32:35:32:37:Infinity":6,"b:36:34:36:Infinity:37:34:37:Infinity":7,"b:39:16:39:31:39:31:41:Infinity":8,"b:40:34:40:Infinity:41:34:41:Infinity":9,"b:49:38:49:Infinity:50:39:50:Infinity":10,"b:50:59:50:75:50:75:50:Infinity":11,"b:53:46:53:52:53:52:53:Infinity":12,"b:55:75:55:93:55:93:55:105":13}}}
,"C:\\Users\\1\\Documents\\Политех\\4 курс 1 семестр\\web-course\\web-programming-course\\lessons\\lr5\\src\\components\\quiz\\QuizButton.tsx": {"path":"C:\\Users\\1\\Documents\\Политех\\4 курс 1 семестр\\web-course\\web-programming-course\\lessons\\lr5\\src\\components\\quiz\\QuizButton.tsx","statementMap":{"0":{"start":{"line":3,"column":26},"end":{"line":30,"column":null}},"1":{"start":{"line":10,"column":22},"end":{"line":10,"column":null}},"2":{"start":{"line":12,"column":26},"end":{"line":19,"column":null}},"3":{"start":{"line":21,"column":4},"end":{"line":28,"column":null}}},"fnMap":{"0":{"name":"(anonymous_0)","decl":{"start":{"line":3,"column":26},"end":{"line":3,"column":27}},"loc":{"start":{"line":9,"column":23},"end":{"line":30,"column":null}},"line":9}},"branchMap":{"0":{"loc":{"start":{"line":6,"column":4},"end":{"line":6,"column":null}},"type":"default-arg","locations":[{"start":{"line":6,"column":15},"end":{"line":6,"column":null}}],"line":6},"1":{"loc":{"start":{"line":7,"column":4},"end":{"line":7,"column":null}},"type":"default-arg","locations":[{"start":{"line":7,"column":14},"end":{"line":7,"column":null}}],"line":7},"2":{"loc":{"start":{"line":8,"column":4},"end":{"line":8,"column":null}},"type":"default-arg","locations":[{"start":{"line":8,"column":12},"end":{"line":8,"column":null}}],"line":8},"3":{"loc":{"start":{"line":13,"column":17},"end":{"line":15,"column":null}},"type":"cond-expr","locations":[{"start":{"line":14,"column":14},"end":{"line":14,"column":null}},{"start":{"line":15,"column":14},"end":{"line":15,"column":null}}],"line":13},"4":{"loc":{"start":{"line":16,"column":19},"end":{"line":18,"column":null}},"type":"cond-expr","locations":[{"start":{"line":17,"column":14},"end":{"line":17,"column":null}},{"start":{"line":18,"column":14},"end":{"line":18,"column":null}}],"line":16}},"s":{"0":1,"1":4,"2":4,"3":4},"f":{"0":4},"b":{"0":[4],"1":[4],"2":[4],"3":[4,0],"4":[4,0]},"meta":{"lastBranch":5,"lastFunction":1,"lastStatement":4,"seen":{"s:3:26:30:Infinity":0,"f:3:26:3:27":0,"b:6:15:6:Infinity":0,"b:7:14:7:Infinity":1,"b:8:12:8:Infinity":2,"s:10:22:10:Infinity":1,"s:12:26:19:Infinity":2,"b:14:14:14:Infinity:15:14:15:Infinity":3,"b:17:14:17:Infinity:18:14:18:Infinity":4,"s:21:4:28:Infinity":3}}}
,"C:\\Users\\1\\Documents\\Политех\\4 курс 1 семестр\\web-course\\web-programming-course\\lessons\\lr5\\src\\data\\questions.ts": {"path":"C:\\Users\\1\\Documents\\Политех\\4 курс 1 семестр\\web-course\\web-programming-course\\lessons\\lr5\\src\\data\\questions.ts","statementMap":{"0":{"start":{"line":3,"column":46},"end":{"line":28,"column":null}}},"fnMap":{},"branchMap":{},"s":{"0":1},"f":{},"b":{},"meta":{"lastBranch":0,"lastFunction":0,"lastStatement":1,"seen":{"s:3:46:28:Infinity":0}}}
,"C:\\Users\\1\\Documents\\Политех\\4 курс 1 семестр\\web-course\\web-programming-course\\lessons\\lr5\\src\\stores\\gameStore.ts": {"path":"C:\\Users\\1\\Documents\\Политех\\4 курс 1 семестр\\web-course\\web-programming-course\\lessons\\lr5\\src\\stores\\gameStore.ts","statementMap":{"0":{"start":{"line":23,"column":48},"end":{"line":23,"column":null}},"1":{"start":{"line":24,"column":31},"end":{"line":24,"column":null}},"2":{"start":{"line":25,"column":25},"end":{"line":25,"column":null}},"3":{"start":{"line":26,"column":10},"end":{"line":26,"column":null}},"4":{"start":{"line":27,"column":30},"end":{"line":27,"column":null}},"5":{"start":{"line":28,"column":37},"end":{"line":28,"column":null}},"6":{"start":{"line":29,"column":23},"end":{"line":29,"column":null}},"7":{"start":{"line":32,"column":4},"end":{"line":32,"column":null}},"8":{"start":{"line":37,"column":4},"end":{"line":44,"column":null}},"9":{"start":{"line":37,"column":41},"end":{"line":44,"column":6}},"10":{"start":{"line":46,"column":4},"end":{"line":50,"column":null}},"11":{"start":{"line":48,"column":44},"end":{"line":48,"column":72}},"12":{"start":{"line":49,"column":35},"end":{"line":49,"column":53}},"13":{"start":{"line":52,"column":4},"end":{"line":52,"column":null}},"14":{"start":{"line":53,"column":4},"end":{"line":53,"column":null}},"15":{"start":{"line":54,"column":4},"end":{"line":54,"column":null}},"16":{"start":{"line":55,"column":4},"end":{"line":55,"column":null}},"17":{"start":{"line":59,"column":4},"end":{"line":59,"column":null}},"18":{"start":{"line":60,"column":4},"end":{"line":65,"column":null}},"19":{"start":{"line":61,"column":6},"end":{"line":64,"column":null}},"20":{"start":{"line":61,"column":47},"end":{"line":64,"column":8}},"21":{"start":{"line":66,"column":4},"end":{"line":66,"column":null}},"22":{"start":{"line":67,"column":4},"end":{"line":67,"column":null}},"23":{"start":{"line":68,"column":4},"end":{"line":68,"column":null}},"24":{"start":{"line":69,"column":4},"end":{"line":69,"column":null}},"25":{"start":{"line":73,"column":4},"end":{"line":73,"column":null}},"26":{"start":{"line":73,"column":39},"end":{"line":73,"column":null}},"27":{"start":{"line":76,"column":4},"end":{"line":79,"column":null}},"28":{"start":{"line":77,"column":6},"end":{"line":77,"column":null}},"29":{"start":{"line":78,"column":6},"end":{"line":78,"column":null}},"30":{"start":{"line":81,"column":4},"end":{"line":85,"column":null}},"31":{"start":{"line":82,"column":6},"end":{"line":82,"column":null}},"32":{"start":{"line":82,"column":62},"end":{"line":82,"column":73}},"33":{"start":{"line":84,"column":6},"end":{"line":84,"column":null}},"34":{"start":{"line":89,"column":4},"end":{"line":89,"column":null}},"35":{"start":{"line":93,"column":21},"end":{"line":93,"column":null}},"36":{"start":{"line":94,"column":4},"end":{"line":94,"column":null}},"37":{"start":{"line":94,"column":19},"end":{"line":94,"column":null}},"38":{"start":{"line":97,"column":4},"end":{"line":124,"column":null}},"39":{"start":{"line":98,"column":6},"end":{"line":98,"column":null}},"40":{"start":{"line":98,"column":45},"end":{"line":98,"column":null}},"41":{"start":{"line":100,"column":6},"end":{"line":102,"column":null}},"42":{"start":{"line":101,"column":13},"end":{"line":101,"column":null}},"43":{"start":{"line":104,"column":6},"end":{"line":110,"column":null}},"44":{"start":{"line":111,"column":4},"end":{"line":124,"column":null}},"45":{"start":{"line":113,"column":6},"end":{"line":115,"column":null}},"46":{"start":{"line":114,"column":13},"end":{"line":114,"column":null}},"47":{"start":{"line":117,"column":6},"end":{"line":123,"column":null}},"48":{"start":{"line":128,"column":21},"end":{"line":128,"column":null}},"49":{"start":{"line":129,"column":4},"end":{"line":129,"column":null}},"50":{"start":{"line":129,"column":19},"end":{"line":129,"column":null}},"51":{"start":{"line":131,"column":28},"end":{"line":131,"column":null}},"52":{"start":{"line":131,"column":61},"end":{"line":131,"column":89}},"53":{"start":{"line":132,"column":4},"end":{"line":134,"column":null}},"54":{"start":{"line":133,"column":6},"end":{"line":133,"column":null}},"55":{"start":{"line":138,"column":24},"end":{"line":138,"column":null}},"56":{"start":{"line":138,"column":62},"end":{"line":138,"column":89}},"57":{"start":{"line":139,"column":4},"end":{"line":146,"column":null}},"58":{"start":{"line":140,"column":6},"end":{"line":140,"column":null}},"59":{"start":{"line":141,"column":6},"end":{"line":141,"column":null}},"60":{"start":{"line":143,"column":6},"end":{"line":145,"column":null}},"61":{"start":{"line":144,"column":8},"end":{"line":144,"column":null}},"62":{"start":{"line":150,"column":4},"end":{"line":156,"column":null}},"63":{"start":{"line":151,"column":26},"end":{"line":151,"column":null}},"64":{"start":{"line":151,"column":64},"end":{"line":151,"column":91}},"65":{"start":{"line":152,"column":6},"end":{"line":155,"column":null}},"66":{"start":{"line":153,"column":8},"end":{"line":153,"column":null}},"67":{"start":{"line":154,"column":8},"end":{"line":154,"column":null}},"68":{"start":{"line":160,"column":4},"end":{"line":162,"column":null}},"69":{"start":{"line":161,"column":6},"end":{"line":161,"column":null}},"70":{"start":{"line":166,"column":4},"end":{"line":172,"column":null}},"71":{"start":{"line":167,"column":6},"end":{"line":167,"column":null}},"72":{"start":{"line":168,"column":6},"end":{"line":168,"column":null}},"73":{"start":{"line":169,"column":6},"end":{"line":169,"column":null}},"74":{"start":{"line":171,"column":6},"end":{"line":171,"column":null}},"75":{"start":{"line":176,"column":4},"end":{"line":176,"column":null}},"76":{"start":{"line":180,"column":4},"end":{"line":180,"column":null}},"77":{"start":{"line":181,"column":4},"end":{"line":181,"column":null}},"78":{"start":{"line":182,"column":4},"end":{"line":182,"column":null}},"79":{"start":{"line":183,"column":4},"end":{"line":183,"column":null}},"80":{"start":{"line":184,"column":4},"end":{"line":184,"column":null}},"81":{"start":{"line":185,"column":4},"end":{"line":185,"column":null}},"82":{"start":{"line":190,"column":4},"end":{"line":190,"column":null}},"83":{"start":{"line":194,"column":4},"end":{"line":196,"column":null}},"84":{"start":{"line":200,"column":4},"end":{"line":200,"column":null}},"85":{"start":{"line":204,"column":4},"end":{"line":204,"column":null}},"86":{"start":{"line":204,"column":46},"end":{"line":204,"column":57}},"87":{"start":{"line":208,"column":4},"end":{"line":212,"column":null}},"88":{"start":{"line":209,"column":6},"end":{"line":209,"column":null}},"89":{"start":{"line":210,"column":4},"end":{"line":212,"column":null}},"90":{"start":{"line":211,"column":6},"end":{"line":211,"column":null}},"91":{"start":{"line":213,"column":4},"end":{"line":213,"column":null}},"92":{"start":{"line":218,"column":25},"end":{"line":218,"column":null}}},"fnMap":{"0":{"name":"(anonymous_0)","decl":{"start":{"line":31,"column":2},"end":{"line":31,"column":16}},"loc":{"start":{"line":31,"column":16},"end":{"line":33,"column":null}},"line":31},"1":{"name":"(anonymous_1)","decl":{"start":{"line":35,"column":2},"end":{"line":35,"column":22}},"loc":{"start":{"line":35,"column":52},"end":{"line":56,"column":null}},"line":35},"2":{"name":"(anonymous_2)","decl":{"start":{"line":37,"column":35},"end":{"line":37,"column":41}},"loc":{"start":{"line":37,"column":41},"end":{"line":44,"column":6}},"line":37},"3":{"name":"(anonymous_3)","decl":{"start":{"line":48,"column":39},"end":{"line":48,"column":44}},"loc":{"start":{"line":48,"column":44},"end":{"line":48,"column":72}},"line":48},"4":{"name":"(anonymous_4)","decl":{"start":{"line":49,"column":30},"end":{"line":49,"column":35}},"loc":{"start":{"line":49,"column":35},"end":{"line":49,"column":53}},"line":49},"5":{"name":"(anonymous_5)","decl":{"start":{"line":58,"column":2},"end":{"line":58,"column":14}},"loc":{"start":{"line":58,"column":14},"end":{"line":70,"column":null}},"line":58},"6":{"name":"(anonymous_6)","decl":{"start":{"line":61,"column":41},"end":{"line":61,"column":47}},"loc":{"start":{"line":61,"column":47},"end":{"line":64,"column":8}},"line":61},"7":{"name":"(anonymous_7)","decl":{"start":{"line":72,"column":2},"end":{"line":72,"column":15}},"loc":{"start":{"line":72,"column":30},"end":{"line":86,"column":null}},"line":72},"8":{"name":"(anonymous_8)","decl":{"start":{"line":82,"column":57},"end":{"line":82,"column":62}},"loc":{"start":{"line":82,"column":62},"end":{"line":82,"column":73}},"line":82},"9":{"name":"(anonymous_9)","decl":{"start":{"line":88,"column":2},"end":{"line":88,"column":10}},"loc":{"start":{"line":88,"column":24},"end":{"line":90,"column":null}},"line":88},"10":{"name":"(anonymous_10)","decl":{"start":{"line":92,"column":2},"end":{"line":92,"column":22}},"loc":{"start":{"line":92,"column":22},"end":{"line":125,"column":null}},"line":92},"11":{"name":"(anonymous_11)","decl":{"start":{"line":101,"column":8},"end":{"line":101,"column":13}},"loc":{"start":{"line":101,"column":13},"end":{"line":101,"column":null}},"line":101},"12":{"name":"(anonymous_12)","decl":{"start":{"line":114,"column":8},"end":{"line":114,"column":13}},"loc":{"start":{"line":114,"column":13},"end":{"line":114,"column":null}},"line":114},"13":{"name":"(anonymous_13)","decl":{"start":{"line":127,"column":2},"end":{"line":127,"column":27}},"loc":{"start":{"line":127,"column":27},"end":{"line":135,"column":null}},"line":127},"14":{"name":"(anonymous_14)","decl":{"start":{"line":131,"column":56},"end":{"line":131,"column":61}},"loc":{"start":{"line":131,"column":61},"end":{"line":131,"column":89}},"line":131},"15":{"name":"(anonymous_15)","decl":{"start":{"line":137,"column":2},"end":{"line":137,"column":21}},"loc":{"start":{"line":137,"column":83},"end":{"line":147,"column":null}},"line":137},"16":{"name":"(anonymous_16)","decl":{"start":{"line":138,"column":57},"end":{"line":138,"column":62}},"loc":{"start":{"line":138,"column":62},"end":{"line":138,"column":89}},"line":138},"17":{"name":"(anonymous_17)","decl":{"start":{"line":149,"column":2},"end":{"line":149,"column":31}},"loc":{"start":{"line":149,"column":93},"end":{"line":157,"column":null}},"line":149},"18":{"name":"(anonymous_18)","decl":{"start":{"line":150,"column":16},"end":{"line":150,"column":22}},"loc":{"start":{"line":150,"column":22},"end":{"line":156,"column":5}},"line":150},"19":{"name":"(anonymous_19)","decl":{"start":{"line":151,"column":59},"end":{"line":151,"column":64}},"loc":{"start":{"line":151,"column":64},"end":{"line":151,"column":91}},"line":151},"20":{"name":"(anonymous_20)","decl":{"start":{"line":159,"column":2},"end":{"line":159,"column":24}},"loc":{"start":{"line":159,"column":42},"end":{"line":163,"column":null}},"line":159},"21":{"name":"(anonymous_21)","decl":{"start":{"line":160,"column":16},"end":{"line":160,"column":22}},"loc":{"start":{"line":160,"column":22},"end":{"line":162,"column":5}},"line":160},"22":{"name":"(anonymous_22)","decl":{"start":{"line":165,"column":2},"end":{"line":165,"column":17}},"loc":{"start":{"line":165,"column":17},"end":{"line":173,"column":null}},"line":165},"23":{"name":"(anonymous_23)","decl":{"start":{"line":175,"column":2},"end":{"line":175,"column":15}},"loc":{"start":{"line":175,"column":15},"end":{"line":177,"column":null}},"line":175},"24":{"name":"(anonymous_24)","decl":{"start":{"line":179,"column":2},"end":{"line":179,"column":14}},"loc":{"start":{"line":179,"column":14},"end":{"line":186,"column":null}},"line":179},"25":{"name":"(anonymous_25)","decl":{"start":{"line":189,"column":6},"end":{"line":189,"column":46}},"loc":{"start":{"line":189,"column":46},"end":{"line":191,"column":null}},"line":189},"26":{"name":"(anonymous_26)","decl":{"start":{"line":193,"column":6},"end":{"line":193,"column":25}},"loc":{"start":{"line":193,"column":25},"end":{"line":197,"column":null}},"line":193},"27":{"name":"(anonymous_27)","decl":{"start":{"line":199,"column":6},"end":{"line":199,"column":32}},"loc":{"start":{"line":199,"column":32},"end":{"line":201,"column":null}},"line":199},"28":{"name":"(anonymous_28)","decl":{"start":{"line":203,"column":6},"end":{"line":203,"column":36}},"loc":{"start":{"line":203,"column":36},"end":{"line":205,"column":null}},"line":203},"29":{"name":"(anonymous_29)","decl":{"start":{"line":204,"column":41},"end":{"line":204,"column":46}},"loc":{"start":{"line":204,"column":46},"end":{"line":204,"column":57}},"line":204},"30":{"name":"(anonymous_30)","decl":{"start":{"line":207,"column":6},"end":{"line":207,"column":34}},"loc":{"start":{"line":207,"column":34},"end":{"line":214,"column":null}},"line":207}},"branchMap":{"0":{"loc":{"start":{"line":40,"column":15},"end":{"line":40,"column":null}},"type":"binary-expr","locations":[{"start":{"line":40,"column":15},"end":{"line":40,"column":28}},{"start":{"line":40,"column":28},"end":{"line":40,"column":null}}],"line":40},"1":{"loc":{"start":{"line":60,"column":4},"end":{"line":65,"column":null}},"type":"if","locations":[{"start":{"line":60,"column":4},"end":{"line":65,"column":null}},{"start":{},"end":{}}],"line":60},"2":{"loc":{"start":{"line":73,"column":4},"end":{"line":73,"column":null}},"type":"if","locations":[{"start":{"line":73,"column":4},"end":{"line":73,"column":null}},{"start":{},"end":{}}],"line":73},"3":{"loc":{"start":{"line":76,"column":4},"end":{"line":79,"column":null}},"type":"if","locations":[{"start":{"line":76,"column":4},"end":{"line":79,"column":null}},{"start":{},"end":{}}],"line":76},"4":{"loc":{"start":{"line":81,"column":4},"end":{"line":85,"column":null}},"type":"if","locations":[{"start":{"line":81,"column":4},"end":{"line":85,"column":null}},{"start":{"line":83,"column":11},"end":{"line":85,"column":null}}],"line":81},"5":{"loc":{"start":{"line":94,"column":4},"end":{"line":94,"column":null}},"type":"if","locations":[{"start":{"line":94,"column":4},"end":{"line":94,"column":null}},{"start":{},"end":{}}],"line":94},"6":{"loc":{"start":{"line":97,"column":4},"end":{"line":124,"column":null}},"type":"if","locations":[{"start":{"line":97,"column":4},"end":{"line":124,"column":null}},{"start":{"line":111,"column":4},"end":{"line":124,"column":null}}],"line":97},"7":{"loc":{"start":{"line":98,"column":6},"end":{"line":98,"column":null}},"type":"if","locations":[{"start":{"line":98,"column":6},"end":{"line":98,"column":null}},{"start":{},"end":{}}],"line":98},"8":{"loc":{"start":{"line":111,"column":4},"end":{"line":124,"column":null}},"type":"if","locations":[{"start":{"line":111,"column":4},"end":{"line":124,"column":null}},{"start":{},"end":{}}],"line":111},"9":{"loc":{"start":{"line":129,"column":4},"end":{"line":129,"column":null}},"type":"if","locations":[{"start":{"line":129,"column":4},"end":{"line":129,"column":null}},{"start":{},"end":{}}],"line":129},"10":{"loc":{"start":{"line":132,"column":4},"end":{"line":134,"column":null}},"type":"if","locations":[{"start":{"line":132,"column":4},"end":{"line":134,"column":null}},{"start":{},"end":{}}],"line":132},"11":{"loc":{"start":{"line":139,"column":4},"end":{"line":146,"column":null}},"type":"if","locations":[{"start":{"line":139,"column":4},"end":{"line":146,"column":null}},{"start":{},"end":{}}],"line":139},"12":{"loc":{"start":{"line":143,"column":6},"end":{"line":145,"column":null}},"type":"if","locations":[{"start":{"line":143,"column":6},"end":{"line":145,"column":null}},{"start":{},"end":{}}],"line":143},"13":{"loc":{"start":{"line":152,"column":6},"end":{"line":155,"column":null}},"type":"if","locations":[{"start":{"line":152,"column":6},"end":{"line":155,"column":null}},{"start":{},"end":{}}],"line":152},"14":{"loc":{"start":{"line":166,"column":4},"end":{"line":172,"column":null}},"type":"if","locations":[{"start":{"line":166,"column":4},"end":{"line":172,"column":null}},{"start":{"line":170,"column":11},"end":{"line":172,"column":null}}],"line":166},"15":{"loc":{"start":{"line":190,"column":11},"end":{"line":190,"column":null}},"type":"binary-expr","locations":[{"start":{"line":190,"column":11},"end":{"line":190,"column":56}},{"start":{"line":190,"column":56},"end":{"line":190,"column":null}}],"line":190},"16":{"loc":{"start":{"line":194,"column":11},"end":{"line":196,"column":null}},"type":"cond-expr","locations":[{"start":{"line":194,"column":26},"end":{"line":195,"column":null}},{"start":{"line":196,"column":8},"end":{"line":196,"column":null}}],"line":194},"17":{"loc":{"start":{"line":208,"column":4},"end":{"line":212,"column":null}},"type":"if","locations":[{"start":{"line":208,"column":4},"end":{"line":212,"column":null}},{"start":{"line":210,"column":4},"end":{"line":212,"column":null}}],"line":208},"18":{"loc":{"start":{"line":210,"column":4},"end":{"line":212,"column":null}},"type":"if","locations":[{"start":{"line":210,"column":4},"end":{"line":212,"column":null}},{"start":{},"end":{}}],"line":210}},"s":{"0":28,"1":28,"2":28,"3":28,"4":28,"5":28,"6":28,"7":28,"8":3,"9":8,"10":3,"11":8,"12":8,"13":3,"14":3,"15":3,"16":3,"17":25,"18":25,"19":2,"20":6,"21":25,"22":25,"23":25,"24":25,"25":3,"26":0,"27":3,"28":1,"29":1,"30":2,"31":1,"32":3,"33":1,"34":5,"35":5,"36":5,"37":0,"38":5,"39":4,"40":0,"41":4,"42":1,"43":4,"44":1,"45":1,"46":0,"47":1,"48":0,"49":0,"50":0,"51":0,"52":0,"53":0,"54":0,"55":1,"56":1,"57":1,"58":1,"59":1,"60":1,"61":1,"62":0,"63":0,"64":0,"65":0,"66":0,"67":0,"68":0,"69":0,"70":3,"71":2,"72":2,"73":2,"74":1,"75":2,"76":1,"77":1,"78":1,"79":1,"80":1,"81":1,"82":13,"83":2,"84":2,"85":1,"86":3,"87":3,"88":2,"89":1,"90":1,"91":0,"92":1},"f":{"0":28,"1":3,"2":8,"3":8,"4":8,"5":25,"6":6,"7":3,"8":3,"9":5,"10":5,"11":1,"12":0,"13":0,"14":0,"15":1,"16":1,"17":0,"18":0,"19":0,"20":0,"21":0,"22":3,"23":2,"24":1,"25":13,"26":2,"27":2,"28":1,"29":3,"30":3},"b":{"0":[8,0],"1":[2,23],"2":[0,3],"3":[1,2],"4":[1,1],"5":[0,5],"6":[4,1],"7":[0,4],"8":[1,0],"9":[0,0],"10":[0,0],"11":[1,0],"12":[1,0],"13":[0,0],"14":[2,1],"15":[13,1],"16":[1,1],"17":[2,1],"18":[1,0]},"meta":{"lastBranch":19,"lastFunction":31,"lastStatement":93,"seen":{"s:23:48:23:Infinity":0,"s:24:31:24:Infinity":1,"s:25:25:25:Infinity":2,"s:26:10:26:Infinity":3,"s:27:30:27:Infinity":4,"s:28:37:28:Infinity":5,"s:29:23:29:Infinity":6,"f:31:2:31:16":0,"s:32:4:32:Infinity":7,"f:35:2:35:22":1,"s:37:4:44:Infinity":8,"f:37:35:37:41":2,"s:37:41:44:6":9,"b:40:15:40:28:40:28:40:Infinity":0,"s:46:4:50:Infinity":10,"f:48:39:48:44":3,"s:48:44:48:72":11,"f:49:30:49:35":4,"s:49:35:49:53":12,"s:52:4:52:Infinity":13,"s:53:4:53:Infinity":14,"s:54:4:54:Infinity":15,"s:55:4:55:Infinity":16,"f:58:2:58:14":5,"s:59:4:59:Infinity":17,"b:60:4:65:Infinity:undefined:undefined:undefined:undefined":1,"s:60:4:65:Infinity":18,"s:61:6:64:Infinity":19,"f:61:41:61:47":6,"s:61:47:64:8":20,"s:66:4:66:Infinity":21,"s:67:4:67:Infinity":22,"s:68:4:68:Infinity":23,"s:69:4:69:Infinity":24,"f:72:2:72:15":7,"b:73:4:73:Infinity:undefined:undefined:undefined:undefined":2,"s:73:4:73:Infinity":25,"s:73:39:73:Infinity":26,"b:76:4:79:Infinity:undefined:undefined:undefined:undefined":3,"s:76:4:79:Infinity":27,"s:77:6:77:Infinity":28,"s:78:6:78:Infinity":29,"b:81:4:85:Infinity:83:11:85:Infinity":4,"s:81:4:85:Infinity":30,"s:82:6:82:Infinity":31,"f:82:57:82:62":8,"s:82:62:82:73":32,"s:84:6:84:Infinity":33,"f:88:2:88:10":9,"s:89:4:89:Infinity":34,"f:92:2:92:22":10,"s:93:21:93:Infinity":35,"b:94:4:94:Infinity:undefined:undefined:undefined:undefined":5,"s:94:4:94:Infinity":36,"s:94:19:94:Infinity":37,"b:97:4:124:Infinity:111:4:124:Infinity":6,"s:97:4:124:Infinity":38,"b:98:6:98:Infinity:undefined:undefined:undefined:undefined":7,"s:98:6:98:Infinity":39,"s:98:45:98:Infinity":40,"s:100:6:102:Infinity":41,"f:101:8:101:13":11,"s:101:13:101:Infinity":42,"s:104:6:110:Infinity":43,"b:111:4:124:Infinity:undefined:undefined:undefined:undefined":8,"s:111:4:124:Infinity":44,"s:113:6:115:Infinity":45,"f:114:8:114:13":12,"s:114:13:114:Infinity":46,"s:117:6:123:Infinity":47,"f:127:2:127:27":13,"s:128:21:128:Infinity":48,"b:129:4:129:Infinity:undefined:undefined:undefined:undefined":9,"s:129:4:129:Infinity":49,"s:129:19:129:Infinity":50,"s:131:28:131:Infinity":51,"f:131:56:131:61":14,"s:131:61:131:89":52,"b:132:4:134:Infinity:undefined:undefined:undefined:undefined":10,"s:132:4:134:Infinity":53,"s:133:6:133:Infinity":54,"f:137:2:137:21":15,"s:138:24:138:Infinity":55,"f:138:57:138:62":16,"s:138:62:138:89":56,"b:139:4:146:Infinity:undefined:undefined:undefined:undefined":11,"s:139:4:146:Infinity":57,"s:140:6:140:Infinity":58,"s:141:6:141:Infinity":59,"b:143:6:145:Infinity:undefined:undefined:undefined:undefined":12,"s:143:6:145:Infinity":60,"s:144:8:144:Infinity":61,"f:149:2:149:31":17,"s:150:4:156:Infinity":62,"f:150:16:150:22":18,"s:151:26:151:Infinity":63,"f:151:59:151:64":19,"s:151:64:151:91":64,"b:152:6:155:Infinity:undefined:undefined:undefined:undefined":13,"s:152:6:155:Infinity":65,"s:153:8:153:Infinity":66,"s:154:8:154:Infinity":67,"f:159:2:159:24":20,"s:160:4:162:Infinity":68,"f:160:16:160:22":21,"s:161:6:161:Infinity":69,"f:165:2:165:17":22,"b:166:4:172:Infinity:170:11:172:Infinity":14,"s:166:4:172:Infinity":70,"s:167:6:167:Infinity":71,"s:168:6:168:Infinity":72,"s:169:6:169:Infinity":73,"s:171:6:171:Infinity":74,"f:175:2:175:15":23,"s:176:4:176:Infinity":75,"f:179:2:179:14":24,"s:180:4:180:Infinity":76,"s:181:4:181:Infinity":77,"s:182:4:182:Infinity":78,"s:183:4:183:Infinity":79,"s:184:4:184:Infinity":80,"s:185:4:185:Infinity":81,"f:189:6:189:46":25,"s:190:4:190:Infinity":82,"b:190:11:190:56:190:56:190:Infinity":15,"f:193:6:193:25":26,"s:194:4:196:Infinity":83,"b:194:26:195:Infinity:196:8:196:Infinity":16,"f:199:6:199:32":27,"s:200:4:200:Infinity":84,"f:203:6:203:36":28,"s:204:4:204:Infinity":85,"f:204:41:204:46":29,"s:204:46:204:57":86,"f:207:6:207:34":30,"b:208:4:212:Infinity:210:4:212:Infinity":17,"s:208:4:212:Infinity":87,"s:209:6:209:Infinity":88,"b:210:4:212:Infinity:undefined:undefined:undefined:undefined":18,"s:210:4:212:Infinity":89,"s:211:6:211:Infinity":90,"s:213:4:213:Infinity":91,"s:218:25:218:Infinity":92}}}
,"C:\\Users\\1\\Documents\\Политех\\4 курс 1 семестр\\web-course\\web-programming-course\\lessons\\lr5\\src\\utils\\score.ts": {"path":"C:\\Users\\1\\Documents\\Политех\\4 курс 1 семестр\\web-course\\web-programming-course\\lessons\\lr5\\src\\utils\\score.ts","statementMap":{"0":{"start":{"line":4,"column":4},"end":{"line":4,"column":null}},"1":{"start":{"line":4,"column":38},"end":{"line":4,"column":67}},"2":{"start":{"line":8,"column":4},"end":{"line":8,"column":null}},"3":{"start":{"line":8,"column":31},"end":{"line":8,"column":42}},"4":{"start":{"line":12,"column":4},"end":{"line":12,"column":null}},"5":{"start":{"line":12,"column":30},"end":{"line":12,"column":null}},"6":{"start":{"line":13,"column":20},"end":{"line":13,"column":null}},"7":{"start":{"line":14,"column":4},"end":{"line":14,"column":null}}},"fnMap":{"0":{"name":"calculateTotalScore","decl":{"start":{"line":3,"column":16},"end":{"line":3,"column":36}},"loc":{"start":{"line":3,"column":63},"end":{"line":5,"column":null}},"line":3},"1":{"name":"(anonymous_1)","decl":{"start":{"line":4,"column":26},"end":{"line":4,"column":27}},"loc":{"start":{"line":4,"column":38},"end":{"line":4,"column":67}},"line":4},"2":{"name":"getCorrectAnswersCount","decl":{"start":{"line":7,"column":16},"end":{"line":7,"column":39}},"loc":{"start":{"line":7,"column":66},"end":{"line":9,"column":null}},"line":7},"3":{"name":"(anonymous_3)","decl":{"start":{"line":8,"column":26},"end":{"line":8,"column":31}},"loc":{"start":{"line":8,"column":31},"end":{"line":8,"column":42}},"line":8},"4":{"name":"calculateAccuracy","decl":{"start":{"line":11,"column":16},"end":{"line":11,"column":34}},"loc":{"start":{"line":11,"column":61},"end":{"line":15,"column":null}},"line":11}},"branchMap":{"0":{"loc":{"start":{"line":4,"column":45},"end":{"line":4,"column":67}},"type":"binary-expr","locations":[{"start":{"line":4,"column":45},"end":{"line":4,"column":63}},{"start":{"line":4,"column":63},"end":{"line":4,"column":67}}],"line":4},"1":{"loc":{"start":{"line":12,"column":4},"end":{"line":12,"column":null}},"type":"if","locations":[{"start":{"line":12,"column":4},"end":{"line":12,"column":null}},{"start":{},"end":{}}],"line":12}},"s":{"0":4,"1":5,"2":5,"3":11,"4":3,"5":1,"6":2,"7":2},"f":{"0":4,"1":5,"2":5,"3":11,"4":3},"b":{"0":[5,1],"1":[1,2]},"meta":{"lastBranch":2,"lastFunction":5,"lastStatement":8,"seen":{"f:3:16:3:36":0,"s:4:4:4:Infinity":0,"f:4:26:4:27":1,"s:4:38:4:67":1,"b:4:45:4:63:4:63:4:67":0,"f:7:16:7:39":2,"s:8:4:8:Infinity":2,"f:8:26:8:31":3,"s:8:31:8:42":3,"f:11:16:11:34":4,"b:12:4:12:Infinity:undefined:undefined:undefined:undefined":1,"s:12:4:12:Infinity":4,"s:12:30:12:Infinity":5,"s:13:20:13:Infinity":6,"s:14:4:14:Infinity":7}}}
}
